<?xml version="1.0" encoding="UTF-8"?>
<testng-results skipped="0" failed="0" ignored="0" total="1" passed="1">
  <reporter-output>
  </reporter-output>
  <suite name="Default suite" duration-ms="71835" started-at="2020-09-18T12:39:55Z" finished-at="2020-09-18T12:41:07Z">
    <groups>
    </groups>
    <test name="Default test" duration-ms="71835" started-at="2020-09-18T12:39:55Z" finished-at="2020-09-18T12:41:07Z">
      <class name="myTest.WebDriverManagerTest">
        <test-method status="PASS" signature="setUp()[pri:0, instance:myTest.WebDriverManagerTest@7dc7cbad]" name="setUp" is-config="true" duration-ms="64976" started-at="2020-09-18T18:09:55Z" finished-at="2020-09-18T18:11:00Z">
          <reporter-output>
          </reporter-output>
        </test-method> <!-- setUp -->
        <test-method status="PASS" signature="googleTitle()[pri:0, instance:myTest.WebDriverManagerTest@7dc7cbad]" name="googleTitle" duration-ms="6757" started-at="2020-09-18T18:11:00Z" finished-at="2020-09-18T18:11:07Z">
          <reporter-output>
          </reporter-output>
        </test-method> <!-- googleTitle -->
      </class> <!-- myTest.WebDriverManagerTest -->
    </test> <!-- Default test -->
  </suite> <!-- Default suite -->
</testng-results>
