<?xml version="1.0" encoding="UTF-8"?>
<testng-results skipped="0" failed="0" total="1" passed="1">
  <reporter-output>
  </reporter-output>
  <suite name="Default suite" duration-ms="20922" started-at="2019-12-10T09:53:57Z" finished-at="2019-12-10T09:54:18Z">
    <groups>
    </groups>
    <test name="Default test" duration-ms="20922" started-at="2019-12-10T09:53:57Z" finished-at="2019-12-10T09:54:18Z">
      <class name="com.tests.PHPTravelsTest">
        <test-method status="PASS" signature="openTheApplication()[pri:0, instance:com.tests.PHPTravelsTest@100fc185]" name="openTheApplication" is-config="true" duration-ms="5928" started-at="2019-12-10T15:23:57Z" finished-at="2019-12-10T15:24:03Z">
          <reporter-output>
          </reporter-output>
        </test-method> <!-- openTheApplication -->
        <test-method status="PASS" signature="validateAdminTest()[pri:0, instance:com.tests.PHPTravelsTest@100fc185]" name="validateAdminTest" duration-ms="13296" started-at="2019-12-10T15:24:03Z" finished-at="2019-12-10T15:24:16Z">
          <reporter-output>
          </reporter-output>
        </test-method> <!-- validateAdminTest -->
        <test-method status="PASS" signature="closeTheBrowser()[pri:0, instance:com.tests.PHPTravelsTest@100fc185]" name="closeTheBrowser" is-config="true" duration-ms="1672" started-at="2019-12-10T15:24:16Z" finished-at="2019-12-10T15:24:18Z">
          <reporter-output>
          </reporter-output>
        </test-method> <!-- closeTheBrowser -->
      </class> <!-- com.tests.PHPTravelsTest -->
    </test> <!-- Default test -->
  </suite> <!-- Default suite -->
</testng-results>
