<?xml version="1.0" encoding="UTF-8"?>
<testng-results skipped="0" failed="0" ignored="0" total="3" passed="3">
  <reporter-output>
  </reporter-output>
  <suite name="Default suite" duration-ms="45603" started-at="2018-12-18T11:52:22Z" finished-at="2018-12-18T11:53:07Z">
    <groups>
      <group name="createUser">
        <method signature="TC_LoginLogout.CreateUser(java.lang.String, java.lang.String, java.lang.String, java.lang.String, java.lang.String, java.lang.String)[pri:1, instance:actiTime.TC_LoginLogout@735b5592]" name="CreateUser" class="actiTime.TC_LoginLogout"/>
        <method signature="TC_LoginLogout.deleteUser()[pri:2, instance:actiTime.TC_LoginLogout@735b5592]" name="deleteUser" class="actiTime.TC_LoginLogout"/>
      </group> <!-- createUser -->
    </groups>
    <test name="Default test" duration-ms="45603" started-at="2018-12-18T11:52:22Z" finished-at="2018-12-18T11:53:07Z">
      <class name="actiTime.TC_LoginLogout">
        <test-method status="PASS" signature="LoginToActitime(java.lang.String, java.lang.String)[pri:0, instance:actiTime.TC_LoginLogout@735b5592]" name="LoginToActitime" duration-ms="16599" started-at="2018-12-18T11:52:22Z" data-provider="loginData" finished-at="2018-12-18T11:52:38Z">
          <params>
            <param index="0">
              <value>
                <![CDATA[admin]]>
              </value>
            </param>
            <param index="1">
              <value>
                <![CDATA[manager]]>
              </value>
            </param>
          </params>
          <reporter-output>
          </reporter-output>
        </test-method> <!-- LoginToActitime -->
        <test-method status="PASS" signature="testData()[pri:0, instance:actiTime.TC_LoginLogout@735b5592]" name="testData" is-config="true" duration-ms="1" started-at="2018-12-18T11:52:38Z" finished-at="2018-12-18T11:52:38Z">
          <reporter-output>
          </reporter-output>
        </test-method> <!-- testData -->
        <test-method status="PASS" signature="CreateUser(java.lang.String, java.lang.String, java.lang.String, java.lang.String, java.lang.String, java.lang.String)[pri:1, instance:actiTime.TC_LoginLogout@735b5592]" name="CreateUser" duration-ms="21915" started-at="2018-12-18T11:52:38Z" data-provider="userData" finished-at="2018-12-18T11:53:00Z">
          <params>
            <param index="0">
              <value>
                <![CDATA[jabir]]>
              </value>
            </param>
            <param index="1">
              <value>
                <![CDATA[mohd]]>
              </value>
            </param>
            <param index="2">
              <value>
                <![CDATA[jabir.mohd@gmail.com]]>
              </value>
            </param>
            <param index="3">
              <value>
                <![CDATA[mjsi]]>
              </value>
            </param>
            <param index="4">
              <value>
                <![CDATA[123456]]>
              </value>
            </param>
            <param index="5">
              <value>
                <![CDATA[123456]]>
              </value>
            </param>
          </params>
          <reporter-output>
          </reporter-output>
        </test-method> <!-- CreateUser -->
        <test-method status="PASS" signature="deleteUser()[pri:2, instance:actiTime.TC_LoginLogout@735b5592]" name="deleteUser" duration-ms="4402" started-at="2018-12-18T11:53:00Z" finished-at="2018-12-18T11:53:05Z">
          <reporter-output>
          </reporter-output>
        </test-method> <!-- deleteUser -->
        <test-method status="PASS" signature="logout()[pri:0, instance:actiTime.TC_LoginLogout@735b5592]" name="logout" is-config="true" duration-ms="2625" started-at="2018-12-18T11:53:05Z" finished-at="2018-12-18T11:53:07Z">
          <reporter-output>
          </reporter-output>
        </test-method> <!-- logout -->
      </class> <!-- actiTime.TC_LoginLogout -->
    </test> <!-- Default test -->
  </suite> <!-- Default suite -->
</testng-results>
