<?xml version="1.0" encoding="UTF-8"?>
<!-- Generated by org.testng.reporters.JUnitXMLReporter -->
<testsuite hostname="DESKTOP-LTOTNC7" ignored="0" name="Default test" tests="3" failures="0" timestamp="18 Dec 2018 11:53:07 GMT" time="45.603" errors="0">
  <testcase name="LoginToActitime" time="16.599" classname="actiTime.TC_LoginLogout"/>
  <testcase name="CreateUser" time="21.915" classname="actiTime.TC_LoginLogout"/>
  <testcase name="deleteUser" time="4.402" classname="actiTime.TC_LoginLogout"/>
</testsuite> <!-- Default test -->
