<?xml version="1.0" encoding="UTF-8"?>
<!-- Generated by org.testng.reporters.JUnitXMLReporter -->
<testsuite hostname="DESKTOP-LTOTNC7" ignored="0" name="Test" tests="5" failures="1" timestamp="17 Sep 2020 13:06:49 GMT" time="0.126" errors="0">
  <testcase name="test1" time="0.02" classname="mytest.MyTest">
    <skipped/>
  </testcase> <!-- test1 -->
  <testcase name="test1" time="0.006" classname="mytest.MyTest">
    <skipped/>
  </testcase> <!-- test1 -->
  <testcase name="test1" time="0.003" classname="mytest.MyTest">
    <skipped/>
  </testcase> <!-- test1 -->
  <testcase name="test1" time="0.003" classname="mytest.MyTest">
    <failure type="java.lang.AssertionError" message="expected [true] but found [false]">
      <![CDATA[java.lang.AssertionError: expected [true] but found [false]
at mytest.MyTest.test1(MyTest.java:11)
... Removed 29 stack frames]]>
    </failure>
  </testcase> <!-- test1 -->
  <testcase name="test2" time="0.003" classname="mytest.MyTest"/>
</testsuite> <!-- Test -->
