<?xml version="1.0" encoding="UTF-8"?>
<testng-results skipped="0" failed="0" ignored="0" total="1" passed="1">
  <reporter-output>
  </reporter-output>
  <suite name="Default suite" duration-ms="20396" started-at="2020-10-06T03:48:11Z" finished-at="2020-10-06T03:48:31Z">
    <groups>
    </groups>
    <test name="Default test" duration-ms="20396" started-at="2020-10-06T03:48:11Z" finished-at="2020-10-06T03:48:31Z">
      <class name="extentReportSS.Log4jClass">
        <test-method status="PASS" signature="setUp()[pri:0, instance:extentReportSS.Log4jClass@490ab905]" name="setUp" is-config="true" duration-ms="18704" started-at="2020-10-06T03:48:11Z" finished-at="2020-10-06T03:48:30Z">
          <reporter-output>
          </reporter-output>
        </test-method> <!-- setUp -->
        <test-method status="PASS" signature="titleTest()[pri:1, instance:extentReportSS.Log4jClass@490ab905]" name="titleTest" duration-ms="106" started-at="2020-10-06T03:48:30Z" finished-at="2020-10-06T03:48:30Z">
          <reporter-output>
          </reporter-output>
        </test-method> <!-- titleTest -->
        <test-method status="PASS" signature="tearDown()[pri:0, instance:extentReportSS.Log4jClass@490ab905]" name="tearDown" is-config="true" duration-ms="1336" started-at="2020-10-06T03:48:30Z" finished-at="2020-10-06T03:48:31Z">
          <reporter-output>
          </reporter-output>
        </test-method> <!-- tearDown -->
      </class> <!-- extentReportSS.Log4jClass -->
    </test> <!-- Default test -->
  </suite> <!-- Default suite -->
</testng-results>
