<?xml version="1.0" encoding="UTF-8"?>
<!-- Generated by org.testng.reporters.JUnitXMLReporter -->
<testsuite hostname="DESKTOP-LTOTNC7" ignored="1" name="Default test" tests="3" failures="0" timestamp="18 Sep 2020 04:34:25 GMT" time="0.066" errors="0">
  <testcase name="test3" time="0.017" classname="mytest.MyTest"/>
  <testcase name="test4" time="0.002" classname="mytest.MyTest"/>
  <testcase name="test2" time="0.001" classname="mytest.MyTest"/>
  <testcase name="test1" time="0.0" classname="mytest.MyTest">
    <ignored/>
  </testcase> <!-- test1 -->
</testsuite> <!-- Default test -->
